
ROM used:   5076/16384 (15%)
            5080/16384 (16%) including unused fragments

            0.7 Average locations per line
            5.7 Average locations per statement

RAM used:   426/2048 (21%) at main() level
            472/2048 (23%) worst case

Stack used: 17 worst case (8 in main + 9 for interrupts)
Stack size: 31

Lines Stmts  %   Files
----- ----- ---  -----
   38    20   2  usbcdcserie.c
   97     6   1  Sawerspic.c
  821     0   0  C:\Program Files\PICC\Devices\18f4550.h
  873   137  15  C:\Program Files\PICC\Drivers\usb_cdc.h
  228     0   0  C:\Program Files\PICC\Drivers\pic18_usb.h
  328     0   0  C:\Program Files\PICC\Drivers\usb_hw_layer.h
  297     0   0  C:\Program Files\PICC\Drivers\usb_desc_cdc.h
 1103     0   0  C:\Program Files\PICC\Drivers\usb.h
 1177   238  27  C:\Program Files\PICC\Drivers\usb.c
 1403   317  36  C:\Program Files\PICC\Drivers\pic18_usb.c
   28     0   0  C:\Program Files\PICC\Drivers\ctype.h
  153    47   5  usb_cdc_taskc.c
  423   125  14  C:\Program Files\PICC\Drivers\string.h
   32     0   0  C:\Program Files\PICC\Drivers\stddef.h
----- -----
 7001   890 Total

Page ROM  %  RAM   Vol Diff  Functions:
---- --- --- ---   --- ----  ----------
0     32   0    0             @const777
0     32   0    0             @const780
0     48   0    0             @const783
0     66   1    0             @const786
0     84   1    0             @const789
0     18   0    0             @const792
0     24   0    0             @const795
0     34   0    0             @const800
0     52   1    0             @const804
0     30   0    5             @MUL1616
0     78   1    4   139  4.3  usb_tbe
0     36   0    1   145  3.2  usb_detach
0     34   0    0   136  2.2  usb_attach
0      6   0    0    16  1.0  usb_init_cs
0     36   0    1   367  5.2  usb_task
0    268   3    9  1092  5.4  usb_flush_in
0    150   1   10   344  6.1  usb_put_packet
0    242   2    9   914  5.0  usb_flush_out
0     60   1    3    66  2.7  usb_rx_packet_size
0     90   1    6   258  4.6  usb_stall_ep
0     88   1    6   266  4.6  usb_unstall_ep
0    106   1    5   373  6.0  usb_endpoint_stalled
0     22   0    1    94  2.7  usb_set_address
0    482   5   12  1774 10.4  usb_set_configured
0     96   1    5   199  3.2  usb_disable_endpoint
0     22   0    1    99  3.0  usb_disable_endpoints
0      4   0    0    61  4.0  usb_clear_trn
0    114   1    2   662  6.8  usb_isr
0      6   0    0    43  2.0  usb_isr_sof
0     42   0    0   357  4.2  usb_isr_rst
0     32   0    0   508  4.0  usb_init_ep0_setup
0      8   0    0    74  2.8  usb_isr_uerr
0     10   0    0    82  2.8  usb_isr_uidle
0     16   0    0   102  3.3  usb_isr_activity
0     14   0    0   151  3.9  usb_isr_stall
0      6   0    1    30  1.7  usb_request_send_response
0      6   0    0    22  1.2  usb_request_get_data
0      4   0    0    22  1.2  usb_request_stall
0    202   2    2  3362  9.3  usb_isr_tok_dne
0      8   0    0    29  1.9  usb_enumerated
0     44   0    3   273  4.0  usb_token_reset
0     86   1    3   274  5.9  usb_endpoint_is_valid
0     34   0    1   212  3.1  usb_isr_tok_in_dne
0     18   0    1   115  2.5  usb_isr_tok_out_dne
0     50   0    0   375  6.4  usb_isr_tok_setup_dne
0    170   2    0  1454  8.3  usb_isr_tkn_setup_StandardDevice
0    150   1    3   939  7.7  usb_isr_tkn_setup_StandardInterface
0     94   1    0   753  5.8  usb_isr_tkn_setup_StandardEndpoint
0    214   2    1  1088  8.7  usb_Get_Descriptor
0     14   0    0    76  1.8  usb_finish_set_address
0    150   1    4   622  9.1  usb_copy_desc_seg_to_ep
0     90   1    0   401  6.1  usb_isr_tok_out_cdc_control_dne
0    162   2    0  1146  8.3  usb_isr_tkn_cdc
0     24   0    0   174  3.6  usb_isr_tok_out_cdc_data_dne
0      6   0    0    16  1.0  usb_isr_tok_in_cdc_data_dne
0     34   0    0   106  2.9  usb_cdc_flush_out_buffer
0    112   1    4   280  2.3  usb_cdc_init
0     98   1    2   860  5.3  usb_cdc_serial_state
0     12   0    0    59  2.3  usb_cdc_get_discard
0     54   1    2   227  5.1  usb_cdc_getc
0     48   0    4   211  4.8  _usb_cdc_putc_fast_noflush
0     24   0    1    52  2.0  usb_cdc_putc_fast
0     16   0    1    80  3.1  usb_cdc_putc
0    130   1   11   371  8.2  memcmp
0    106   1    3   750  5.0  usb_debug_task
0     96   1    3   448  5.4  cdc_serial_state_task
0     28   0    0             @MEMSET
0    114   1    1   439  4.1  MAIN
0     10   0    0             @const1170
0     34   0    2             @PSTRINGC_670
 Inline         0             @cinit1

Program metrics:
    Functions               57
    Statements              890
    Comments                4381
    Volume (V)              44449
    Difficulty (D)          257.7
    Effort to implement (E) 11452498
    Time to implement (T)   176 hours, 44 minutes
    Est Delivered Bugs (B)  17
    Cyclomatic Complexity   137
    Maintainability (MI)    134

 Segment     Used  Free
-----------  ----  ----
00000-00FFE     0  4096  
01000-01006     4  4  
01008-01094   142  0  
01096-07FFE  4930  23592  



